<?xml version="1.0" encoding="UTF-8"?>
<testsuite name="com.simplechat.backend.SimplechatBackendApplicationTests" tests="1" skipped="0" failures="0" errors="0" timestamp="2025-12-08T17:36:51.085Z" hostname="PRO-240.lan" time="0.231">
  <properties/>
  <testcase name="contextLoads()" classname="com.simplechat.backend.SimplechatBackendApplicationTests" time="0.231"/>
  <system-out><![CDATA[19:36:48.914 [Test worker] INFO org.springframework.test.context.support.AnnotationConfigContextLoaderUtils -- Could not detect default configuration classes for test class [com.simplechat.backend.SimplechatBackendApplicationTests]: SimplechatBackendApplicationTests does not declare any static, non-private, non-final, nested classes annotated with @Configuration.
19:36:48.968 [Test worker] INFO org.springframework.boot.test.context.SpringBootTestContextBootstrapper -- Found @SpringBootConfiguration com.simplechat.backend.SimplechatBackendApplication for test class com.simplechat.backend.SimplechatBackendApplicationTests

  .   ____          _            __ _ _
 /\\ / ___'_ __ _ _(_)_ __  __ _ \ \ \ \
( ( )\___ | '_ | '_| | '_ \/ _` | \ \ \ \
 \\/  ___)| |_)| | | | | || (_| |  ) ) ) )
  '  |____| .__|_| |_|_| |_\__, | / / / /
 =========|_|==============|___/=/_/_/_/

 :: Spring Boot ::                (v3.5.6)

2025-12-08T19:36:49.149+02:00  INFO 39097 --- [    Test worker] c.s.b.SimplechatBackendApplicationTests  : Starting SimplechatBackendApplicationTests using Java 17.0.16 with PID 39097 (started by raimond in /Users/raimond/personal-projects/simple-chat)
2025-12-08T19:36:49.149+02:00  INFO 39097 --- [    Test worker] c.s.b.SimplechatBackendApplicationTests  : No active profile set, falling back to 1 default profile: "default"
2025-12-08T19:36:49.513+02:00  INFO 39097 --- [    Test worker] .s.d.r.c.RepositoryConfigurationDelegate : Bootstrapping Spring Data JPA repositories in DEFAULT mode.
2025-12-08T19:36:49.546+02:00  INFO 39097 --- [    Test worker] .s.d.r.c.RepositoryConfigurationDelegate : Finished Spring Data repository scanning in 28 ms. Found 3 JPA repository interfaces.
2025-12-08T19:36:49.809+02:00  INFO 39097 --- [    Test worker] o.hibernate.jpa.internal.util.LogHelper  : HHH000204: Processing PersistenceUnitInfo [name: default]
2025-12-08T19:36:49.829+02:00  INFO 39097 --- [    Test worker] org.hibernate.Version                    : HHH000412: Hibernate ORM core version 6.6.29.Final
2025-12-08T19:36:49.848+02:00  INFO 39097 --- [    Test worker] o.h.c.internal.RegionFactoryInitiator    : HHH000026: Second-level cache disabled
2025-12-08T19:36:49.960+02:00  INFO 39097 --- [    Test worker] o.s.o.j.p.SpringPersistenceUnitInfo      : No LoadTimeWeaver setup: ignoring JPA class transformer
2025-12-08T19:36:49.973+02:00  INFO 39097 --- [    Test worker] com.zaxxer.hikari.HikariDataSource       : HikariPool-1 - Starting...
2025-12-08T19:36:50.047+02:00  INFO 39097 --- [    Test worker] com.zaxxer.hikari.pool.HikariPool        : HikariPool-1 - Added connection org.postgresql.jdbc.PgConnection@47ef5a33
2025-12-08T19:36:50.048+02:00  INFO 39097 --- [    Test worker] com.zaxxer.hikari.HikariDataSource       : HikariPool-1 - Start completed.
2025-12-08T19:36:50.062+02:00  WARN 39097 --- [    Test worker] org.hibernate.orm.deprecation            : HHH90000025: PostgreSQLDialect does not need to be specified explicitly using 'hibernate.dialect' (remove the property setting and it will be selected by default)
2025-12-08T19:36:50.071+02:00  INFO 39097 --- [    Test worker] org.hibernate.orm.connections.pooling    : HHH10001005: Database info:
	Database JDBC URL [Connecting through datasource 'HikariDataSource (HikariPool-1)']
	Database driver: undefined/unknown
	Database version: 18.0
	Autocommit mode: undefined/unknown
	Isolation level: undefined/unknown
	Minimum pool size: undefined/unknown
	Maximum pool size: undefined/unknown
2025-12-08T19:36:50.435+02:00  INFO 39097 --- [    Test worker] o.h.e.t.j.p.i.JtaPlatformInitiator       : HHH000489: No JTA platform available (set 'hibernate.transaction.jta.platform' to enable JTA platform integration)
2025-12-08T19:36:50.553+02:00  INFO 39097 --- [    Test worker] j.LocalContainerEntityManagerFactoryBean : Initialized JPA EntityManagerFactory for persistence unit 'default'
2025-12-08T19:36:50.696+02:00  INFO 39097 --- [    Test worker] eAuthenticationProviderManagerConfigurer : Global AuthenticationManager configured with AuthenticationProvider bean with name authenticationProvider
2025-12-08T19:36:50.696+02:00  WARN 39097 --- [    Test worker] r$InitializeUserDetailsManagerConfigurer : Global AuthenticationManager configured with an AuthenticationProvider bean. UserDetailsService beans will not be used by Spring Security for automatically configuring username/password login. Consider removing the AuthenticationProvider bean. Alternatively, consider using the UserDetailsService in a manually instantiated DaoAuthenticationProvider. If the current configuration is intentional, to turn off this warning, increase the logging level of 'org.springframework.security.config.annotation.authentication.configuration.InitializeUserDetailsBeanManagerConfigurer' to ERROR
2025-12-08T19:36:50.781+02:00  WARN 39097 --- [    Test worker] JpaBaseConfiguration$JpaWebConfiguration : spring.jpa.open-in-view is enabled by default. Therefore, database queries may be performed during view rendering. Explicitly configure spring.jpa.open-in-view to disable this warning
2025-12-08T19:36:50.807+02:00 DEBUG 39097 --- [    Test worker] o.s.w.s.s.s.WebSocketHandlerMapping      : Patterns [/ws/**] in 'stompWebSocketHandlerMapping'
2025-12-08T19:36:50.949+02:00 DEBUG 39097 --- [    Test worker] .WebSocketAnnotationMethodMessageHandler : 
	c.s.b.a.AuthController:
	
2025-12-08T19:36:50.951+02:00 DEBUG 39097 --- [    Test worker] .WebSocketAnnotationMethodMessageHandler : 
	c.s.b.c.ChatController:
	{[MESSAGE],[/chat.send]}: sendMessage(ChatMessageRequest,Principal)
2025-12-08T19:36:50.951+02:00 DEBUG 39097 --- [    Test worker] .WebSocketAnnotationMethodMessageHandler : 
	c.s.b.f.FriendController:
	
2025-12-08T19:36:50.951+02:00 DEBUG 39097 --- [    Test worker] .WebSocketAnnotationMethodMessageHandler : 
	c.s.b.m.MessageController:
	
2025-12-08T19:36:50.951+02:00 DEBUG 39097 --- [    Test worker] .WebSocketAnnotationMethodMessageHandler : 
	c.s.b.u.UserController:
	
2025-12-08T19:36:50.952+02:00 DEBUG 39097 --- [    Test worker] .WebSocketAnnotationMethodMessageHandler : 
	o.s.b.a.w.s.e.BasicErrorController:
	
2025-12-08T19:36:51.071+02:00 DEBUG 39097 --- [    Test worker] o.s.m.s.ExecutorSubscribableChannel      : clientOutboundChannel added SubProtocolWebSocketHandler[StompSubProtocolHandler[v10.stomp, v11.stomp, v12.stomp]]
2025-12-08T19:36:51.071+02:00 DEBUG 39097 --- [    Test worker] o.s.m.s.ExecutorSubscribableChannel      : clientInboundChannel added WebSocketAnnotationMethodMessageHandler[prefixes=[/app/]]
2025-12-08T19:36:51.071+02:00  INFO 39097 --- [    Test worker] o.s.m.s.b.SimpleBrokerMessageHandler     : Starting...
2025-12-08T19:36:51.071+02:00 DEBUG 39097 --- [    Test worker] o.s.m.s.ExecutorSubscribableChannel      : clientInboundChannel added SimpleBrokerMessageHandler [org.springframework.messaging.simp.broker.DefaultSubscriptionRegistry@44a7a331]
2025-12-08T19:36:51.071+02:00 DEBUG 39097 --- [    Test worker] o.s.m.s.ExecutorSubscribableChannel      : brokerChannel added SimpleBrokerMessageHandler [org.springframework.messaging.simp.broker.DefaultSubscriptionRegistry@44a7a331]
2025-12-08T19:36:51.072+02:00  INFO 39097 --- [    Test worker] o.s.m.s.b.SimpleBrokerMessageHandler     : BrokerAvailabilityEvent[available=true, SimpleBrokerMessageHandler [org.springframework.messaging.simp.broker.DefaultSubscriptionRegistry@44a7a331]]
2025-12-08T19:36:51.072+02:00  INFO 39097 --- [    Test worker] o.s.m.s.b.SimpleBrokerMessageHandler     : Started.
2025-12-08T19:36:51.072+02:00 DEBUG 39097 --- [    Test worker] o.s.m.s.ExecutorSubscribableChannel      : clientInboundChannel added UserDestinationMessageHandler[DefaultUserDestinationResolver[prefix=/user/]]
2025-12-08T19:36:51.072+02:00 DEBUG 39097 --- [    Test worker] o.s.m.s.ExecutorSubscribableChannel      : brokerChannel added UserDestinationMessageHandler[DefaultUserDestinationResolver[prefix=/user/]]
2025-12-08T19:36:51.078+02:00  INFO 39097 --- [    Test worker] c.s.b.SimplechatBackendApplicationTests  : Started SimplechatBackendApplicationTests in 2.042 seconds (process running for 2.538)
]]></system-out>
  <system-err><![CDATA[]]></system-err>
</testsuite>
