<?xml version="1.0" encoding="UTF-8"?>
<testsuite name="com.simplechat.backend.SimplechatBackendApplicationTests" tests="1" skipped="0" failures="0" errors="0" timestamp="2025-11-06T16:24:46.006Z" hostname="PRO-240.lan" time="0.225">
  <properties/>
  <testcase name="contextLoads()" classname="com.simplechat.backend.SimplechatBackendApplicationTests" time="0.225"/>
  <system-out><![CDATA[18:24:43.912 [Test worker] INFO org.springframework.test.context.support.AnnotationConfigContextLoaderUtils -- Could not detect default configuration classes for test class [com.simplechat.backend.SimplechatBackendApplicationTests]: SimplechatBackendApplicationTests does not declare any static, non-private, non-final, nested classes annotated with @Configuration.
18:24:43.959 [Test worker] INFO org.springframework.boot.test.context.SpringBootTestContextBootstrapper -- Found @SpringBootConfiguration com.simplechat.backend.SimplechatBackendApplication for test class com.simplechat.backend.SimplechatBackendApplicationTests

  .   ____          _            __ _ _
 /\\ / ___'_ __ _ _(_)_ __  __ _ \ \ \ \
( ( )\___ | '_ | '_| | '_ \/ _` | \ \ \ \
 \\/  ___)| |_)| | | | | || (_| |  ) ) ) )
  '  |____| .__|_| |_|_| |_\__, | / / / /
 =========|_|==============|___/=/_/_/_/

 :: Spring Boot ::                (v3.5.6)

2025-11-06T18:24:44.131+02:00  INFO 15367 --- [    Test worker] c.s.b.SimplechatBackendApplicationTests  : Starting SimplechatBackendApplicationTests using Java 17.0.16 with PID 15367 (started by raimond in /Users/raimond/personal-projects/simple-chat)
2025-11-06T18:24:44.132+02:00  INFO 15367 --- [    Test worker] c.s.b.SimplechatBackendApplicationTests  : No active profile set, falling back to 1 default profile: "default"
2025-11-06T18:24:44.427+02:00  INFO 15367 --- [    Test worker] .s.d.r.c.RepositoryConfigurationDelegate : Bootstrapping Spring Data JPA repositories in DEFAULT mode.
2025-11-06T18:24:44.455+02:00  INFO 15367 --- [    Test worker] .s.d.r.c.RepositoryConfigurationDelegate : Finished Spring Data repository scanning in 23 ms. Found 3 JPA repository interfaces.
2025-11-06T18:24:44.643+02:00  INFO 15367 --- [    Test worker] o.hibernate.jpa.internal.util.LogHelper  : HHH000204: Processing PersistenceUnitInfo [name: default]
2025-11-06T18:24:44.664+02:00  INFO 15367 --- [    Test worker] org.hibernate.Version                    : HHH000412: Hibernate ORM core version 6.6.29.Final
2025-11-06T18:24:44.680+02:00  INFO 15367 --- [    Test worker] o.h.c.internal.RegionFactoryInitiator    : HHH000026: Second-level cache disabled
2025-11-06T18:24:44.795+02:00  INFO 15367 --- [    Test worker] o.s.o.j.p.SpringPersistenceUnitInfo      : No LoadTimeWeaver setup: ignoring JPA class transformer
2025-11-06T18:24:44.807+02:00  INFO 15367 --- [    Test worker] com.zaxxer.hikari.HikariDataSource       : HikariPool-1 - Starting...
2025-11-06T18:24:44.908+02:00  INFO 15367 --- [    Test worker] com.zaxxer.hikari.pool.HikariPool        : HikariPool-1 - Added connection org.postgresql.jdbc.PgConnection@9f2376f
2025-11-06T18:24:44.908+02:00  INFO 15367 --- [    Test worker] com.zaxxer.hikari.HikariDataSource       : HikariPool-1 - Start completed.
2025-11-06T18:24:44.933+02:00  WARN 15367 --- [    Test worker] org.hibernate.orm.deprecation            : HHH90000025: PostgreSQLDialect does not need to be specified explicitly using 'hibernate.dialect' (remove the property setting and it will be selected by default)
2025-11-06T18:24:44.947+02:00  INFO 15367 --- [    Test worker] org.hibernate.orm.connections.pooling    : HHH10001005: Database info:
	Database JDBC URL [Connecting through datasource 'HikariDataSource (HikariPool-1)']
	Database driver: undefined/unknown
	Database version: 18.0
	Autocommit mode: undefined/unknown
	Isolation level: undefined/unknown
	Minimum pool size: undefined/unknown
	Maximum pool size: undefined/unknown
2025-11-06T18:24:45.327+02:00  INFO 15367 --- [    Test worker] o.h.e.t.j.p.i.JtaPlatformInitiator       : HHH000489: No JTA platform available (set 'hibernate.transaction.jta.platform' to enable JTA platform integration)
2025-11-06T18:24:45.489+02:00  INFO 15367 --- [    Test worker] j.LocalContainerEntityManagerFactoryBean : Initialized JPA EntityManagerFactory for persistence unit 'default'
2025-11-06T18:24:45.641+02:00  INFO 15367 --- [    Test worker] eAuthenticationProviderManagerConfigurer : Global AuthenticationManager configured with AuthenticationProvider bean with name authenticationProvider
2025-11-06T18:24:45.642+02:00  WARN 15367 --- [    Test worker] r$InitializeUserDetailsManagerConfigurer : Global AuthenticationManager configured with an AuthenticationProvider bean. UserDetailsService beans will not be used by Spring Security for automatically configuring username/password login. Consider removing the AuthenticationProvider bean. Alternatively, consider using the UserDetailsService in a manually instantiated DaoAuthenticationProvider. If the current configuration is intentional, to turn off this warning, increase the logging level of 'org.springframework.security.config.annotation.authentication.configuration.InitializeUserDetailsBeanManagerConfigurer' to ERROR
2025-11-06T18:24:45.724+02:00  WARN 15367 --- [    Test worker] JpaBaseConfiguration$JpaWebConfiguration : spring.jpa.open-in-view is enabled by default. Therefore, database queries may be performed during view rendering. Explicitly configure spring.jpa.open-in-view to disable this warning
2025-11-06T18:24:45.994+02:00  INFO 15367 --- [    Test worker] o.s.m.s.b.SimpleBrokerMessageHandler     : Starting...
2025-11-06T18:24:45.995+02:00  INFO 15367 --- [    Test worker] o.s.m.s.b.SimpleBrokerMessageHandler     : BrokerAvailabilityEvent[available=true, SimpleBrokerMessageHandler [org.springframework.messaging.simp.broker.DefaultSubscriptionRegistry@354baab2]]
2025-11-06T18:24:45.995+02:00  INFO 15367 --- [    Test worker] o.s.m.s.b.SimpleBrokerMessageHandler     : Started.
2025-11-06T18:24:46.000+02:00  INFO 15367 --- [    Test worker] c.s.b.SimplechatBackendApplicationTests  : Started SimplechatBackendApplicationTests in 1.98 seconds (process running for 2.444)
]]></system-out>
  <system-err><![CDATA[]]></system-err>
</testsuite>
